Arguments: 
  C:\Program Files (x86)\nodejs\node.exe C:\Users\Shriya\AppData\Roaming\npm\node_modules\yarn\bin\yarn.js add ethers hardhat @nomiclabs/hardhat-waffle ethereum-waffle chai @nomiclabs-ethers web3modal @openzeppelin/contracts ipfs-http-client axios

PATH: 
  C:\Users\Shriya\Envs\votes\Scripts;C:\Program Files (x86)\Common Files\Oracle\Java\javapath;C:\Windows\system32;C:\Windows;C:\Windows\System32\Wbem;C:\Windows\System32\WindowsPowerShell\v1.0\;C:\Windows\System32\OpenSSH\;C:\Program Files\NVIDIA Corporation\NVIDIA NvDLISR;D:\github repos\Git\cmd;C:\Program Files\Microsoft SQL Server\Client SDK\ODBC\170\Tools\Binn\;C:\Program Files (x86)\Microsoft SQL Server\150\Tools\Binn\;C:\Program Files\Microsoft SQL Server\150\Tools\Binn\;C:\Program Files\Microsoft SQL Server\150\DTS\Binn\;C:\WINDOWS\system32;C:\WINDOWS;C:\WINDOWS\System32\Wbem;C:\WINDOWS\System32\WindowsPowerShell\v1.0\;C:\WINDOWS\System32\OpenSSH\;C:\MinGW\bin;C:\Program Files (x86)\nodejs\;C:\Users\Shriya\AppData\Local\Programs\Python\Python39\Scripts\;C:\Users\Shriya\AppData\Local\Programs\Python\Python39\;C:\Users\Shriya\AppData\Local\Microsoft\WindowsApps;C:\Users\Shriya\AppData\Local\GitHubDesktop\bin;C:\Users\Shriya\AppData\Local\Programs\Microsoft VS Code\bin;C:\Users\Shriya\AppData\Roaming\npm

Yarn version: 
  1.22.17

Node version: 
  16.13.0

Platform: 
  win32 ia32

Trace: 
  Error: https://registry.yarnpkg.com/@nomiclabs-ethers: Request "https://registry.yarnpkg.com/@nomiclabs-ethers" returned a 405
      at Request.params.callback [as _callback] (C:\Users\Shriya\AppData\Roaming\npm\node_modules\yarn\lib\cli.js:67038:18)
      at Request.self.callback (C:\Users\Shriya\AppData\Roaming\npm\node_modules\yarn\lib\cli.js:140883:22)
      at Request.emit (node:events:390:28)
      at Request.<anonymous> (C:\Users\Shriya\AppData\Roaming\npm\node_modules\yarn\lib\cli.js:141855:10)
      at Request.emit (node:events:390:28)
      at IncomingMessage.<anonymous> (C:\Users\Shriya\AppData\Roaming\npm\node_modules\yarn\lib\cli.js:141777:12)
      at Object.onceWrapper (node:events:509:28)
      at IncomingMessage.emit (node:events:402:35)
      at endReadableNT (node:internal/streams/readable:1343:12)
      at processTicksAndRejections (node:internal/process/task_queues:83:21)

npm manifest: 
  {
    "name": "e-voting",
    "version": "1.0.0",
    "description": "",
    "main": "index.js",
    "scripts": {
      "test": "mocha",
      "dev": "node server.js",
      "build": "next build",
      "start": "next start"
    },
    "author": "Akshay Arora",
    "license": "ISC",
    "dependencies": {
      "@truffle/hdwallet-provider": "^1.7.0",
      "fs-extra": "^7.0.0",
      "ganache-cli": "^6.1.6",
      "mocha": "^5.2.0",
      "next": "^4.1.4",
      "next-routes": "^1.4.2",
      "react": "^16.4.2",
      "react-dom": "^16.4.2",
      "semantic-ui-css": "^2.3.3",
      "semantic-ui-react": "^0.82.2",
      "solc": "^0.4.24",
      "truffle-hdwallet-provider": "0.0.6",
      "web3": "^1.0.0-beta.26"
    }
  }

yarn manifest: 
  No manifest

Lockfile: 
  No lockfile
